<?xml version="1.0" encoding="UTF-8"?>
<!-- Generated by org.testng.reporters.JUnitXMLReporter -->
<testsuite ignored="0" hostname="DESKTOP-7OB19NV" failures="0" tests="4" name="Test1" time="34.129" errors="0" timestamp="2022-03-30T12:56:45 IST">
  <testcase classname="SerialAndParralelExecution_TestNg.SerialAndParralel_3" name="method3" time="9.655"/>
  <testcase classname="SerialAndParralelExecution_TestNg.SerialAndParralel_3" name="method1" time="6.37"/>
  <testcase classname="SerialAndParralelExecution_TestNg.SerialAndParralel_3" name="method4" time="4.809"/>
  <testcase classname="SerialAndParralelExecution_TestNg.SerialAndParralel_3" name="method4" time="5.232"/>
</testsuite> <!-- Test1 -->
