<?xml version="1.0" encoding="UTF-8"?>
<!-- Generated by org.testng.reporters.JUnitXMLReporter -->
<testsuite ignored="0" hostname="DESKTOP-7OB19NV" failures="0" tests="8" name="Test123" time="36.081" errors="0" timestamp="2022-03-25T00:00:39 IST">
  <testcase classname="TestNG.NewTest" name="method1" time="0.012"/>
  <testcase classname="TestNG.NewTest" name="method2" time="0.003"/>
  <testcase classname="TestNG.NewTest" name="method3" time="0.007"/>
  <testcase classname="TestNG.NewTest" name="method4" time="0.013"/>
  <testcase classname="TestNG.MyClass" name="method3" time="9.565"/>
  <testcase classname="TestNG.MyClass" name="method1" time="6.386"/>
  <testcase classname="TestNG.MyClass" name="method4" time="4.65"/>
  <testcase classname="TestNG.MyClass" name="method4" time="4.817"/>
</testsuite> <!-- Test123 -->
