<?xml version="1.0" encoding="UTF-8"?>
<!-- Generated by org.testng.reporters.JUnitXMLReporter -->
<testsuite ignored="0" hostname="DESKTOP-7OB19NV" failures="0" tests="4" name="Test3" time="35.267" errors="0" timestamp="2022-03-30T12:57:50 IST">
  <testcase classname="SerialAndParralelExecution_TestNg.SerialParallel_1" name="method3" time="9.335"/>
  <testcase classname="SerialAndParralelExecution_TestNg.SerialParallel_1" name="method1" time="9.718"/>
  <testcase classname="SerialAndParralelExecution_TestNg.SerialParallel_1" name="method4" time="4.987"/>
  <testcase classname="SerialAndParralelExecution_TestNg.SerialParallel_1" name="method4" time="5.039"/>
</testsuite> <!-- Test3 -->
