<?xml version="1.0" encoding="UTF-8"?>
<!-- Generated by org.testng.reporters.JUnitXMLReporter -->
<testsuite ignored="0" hostname="DESKTOP-7OB19NV" failures="0" tests="4" name="Test2" time="29.356" errors="0" timestamp="2022-03-30T12:57:15 IST">
  <testcase classname="SerialAndParralelExecution_TestNg.SerialParallel_2" name="method3" time="5.41"/>
  <testcase classname="SerialAndParralelExecution_TestNg.SerialParallel_2" name="method1" time="7.713"/>
  <testcase classname="SerialAndParralelExecution_TestNg.SerialParallel_2" name="method4" time="4.909"/>
  <testcase classname="SerialAndParralelExecution_TestNg.SerialParallel_2" name="method4" time="5.315"/>
</testsuite> <!-- Test2 -->
