<?xml version="1.0" encoding="UTF-8"?>
<!-- Generated by org.testng.reporters.JUnitXMLReporter -->
<testsuite ignored="0" hostname="DESKTOP-7OB19NV" failures="0" tests="4" name="firstTest" time="37.858" errors="0" timestamp="2022-03-26T19:21:51 IST">
  <testcase classname="TestNG.MyClass" name="method3" time="5.441"/>
  <testcase classname="TestNG.MyClass" name="method1" time="10.214"/>
  <testcase classname="TestNG.MyClass" name="method4" time="4.991"/>
  <testcase classname="TestNG.MyClass" name="method4" time="5.163"/>
</testsuite> <!-- firstTest -->
